<?xml version='1.0' encoding='UTF-8'?>
<hotspot_log version='160 1' process='8104' time_ms='1429198835809'>
<vm_version>
<name>
Java HotSpot(TM) 64-Bit Server VM
</name>
<release>
17.0-b05-fastdebug
</release>
<info>
Java HotSpot(TM) 64-Bit Server VM (17.0-b05-fastdebug) for windows-amd64 JRE (1.7.0-ea-fastdebug-b76), built on Nov 12 2009 01:51:45 by &quot;java_re&quot; with MS VC++ 8.0 (VS2005)
</info>
</vm_version>
<vm_arguments>
<args>
-Dmaven.home=EMBEDDED -Dclassworlds.conf=C:\Users\bram.zerbe\Desktop\Programming\.metadata\.plugins\org.eclipse.m2e.launching\launches\m2conf5704582694480530690.tmp -Dfile.encoding=Cp1252 
</args>
<command>
org.codehaus.plexus.classworlds.launcher.Launcher -B package clean
</command>
<launcher>
SUN_STANDARD
</launcher>
<properties>
java.vm.specification.version=1.0
java.vm.specification.name=Java Virtual Machine Specification
java.vm.specification.vendor=Sun Microsystems Inc.
java.vm.version=17.0-b05-fastdebug
java.vm.name=Java HotSpot(TM) 64-Bit Server VM
java.vm.vendor=Sun Microsystems Inc.
java.vm.info=mixed mode, sharing
java.ext.dirs=C:\Users\bram.zerbe\Desktop\Programming\Java - Needed Stuff\JDK 1.7 x64\jdk1.7.0\fastdebug\jre\lib\ext;C:\WINDOWS\Sun\Java\lib\ext
java.endorsed.dirs=C:\Users\bram.zerbe\Desktop\Programming\Java - Needed Stuff\JDK 1.7 x64\jdk1.7.0\fastdebug\jre\lib\endorsed
sun.boot.library.path=C:\Users\bram.zerbe\Desktop\Programming\Java - Needed Stuff\JDK 1.7 x64\jdk1.7.0\fastdebug\jre\bin
java.library.path=C:\Users\bram.zerbe\Desktop\Programming\Java - Needed Stuff\JDK 1.7 x64\jdk1.7.0\fastdebug\bin;.;C:\WINDOWS\Sun\Java\bin;C:\WINDOWS\system32;C:\WINDOWS;C:/Program Files (x86)/Java/jre7/bin/client;C:/Program Files (x86)/Java/jre7/bin;C:/Program Files (x86)/Java/jre7/lib/i386;C:\Program Files\Common Files\Microsoft Shared\Windows Live;C:\Program Files (x86)\Common Files\Microsoft Shared\Windows Live;C:\WINDOWS\system32;C:\WINDOWS;C:\WINDOWS\System32\Wbem;C:\WINDOWS\System32\WindowsPowerShell\v1.0\;C:\Program Files (x86)\Windows Live\Shared;C:\Program Files\Lenovo Fingerprint Reader\;C:\Program Files\Lenovo Fingerprint Reader\x86\;C:\Program Files\Lenovo Fingerprint Reader\;C:\Program Files\Lenovo Fingerprint Reader\x86\;C:\Program Files\Lenovo Fingerprint Reader\;C:\Program Files\Lenovo Fingerprint Reader\x86\;.\Common\Libraries;E:\KidsRuby\Git\cmd;C:\Users\bram.zerbe\KidsRuby\Git\cmd;C:\Users\bram.zerbe\AppData\Local\Google\Chrome\Application;C:\Program Files\Common Files\Microsoft Shared\Windows Live;C:\Program Files (x86)\Common Files\Microsoft Shared\Windows Live;C:\WINDOWS\system32;C:\WINDOWS;C:\WINDOWS\System32\Wbem;C:\WINDOWS\System32\WindowsPowerShell\v1.0\;C:\Program Files (x86)\Windows Live\Shared;C:\Program Files\Lenovo Fingerprint Reader\;C:\Program Files\Lenovo Fingerprint Reader\x86\;C:\Program Files\Lenovo Fingerprint Reader\;C:\Program Files\Lenovo Fingerprint Reader\x86\;C:\Program Files\Lenovo Fingerprint Reader\;C:\Program Files\Lenovo Fingerprint Reader\x86\;.\Common\Libraries;C:\Users\bram.zerbe\AppData\Local\Programs\Git\cmd;C:\Users\bram.zerbe\AppData\Local\Spoon\Cmd;C:\Users\bram.zerbe\Desktop\eclipse;
java.home=C:\Users\bram.zerbe\Desktop\Programming\Java - Needed Stuff\JDK 1.7 x64\jdk1.7.0\fastdebug\jre
java.class.path=/C:/Users/bram.zerbe/Desktop/eclipse/plugins/org.eclipse.m2e.maven.runtime_1.5.0.20140605-2032/jars/plexus-classworlds-2.5.1.jar
sun.boot.class.path=C:\Users\bram.zerbe\Desktop\Programming\Java - Needed Stuff\JDK 1.7 x64\jdk1.7.0\fastdebug\jre\lib\resources.jar;C:\Users\bram.zerbe\Desktop\Programming\Java - Needed Stuff\JDK 1.7 x64\jdk1.7.0\fastdebug\jre\lib\rt.jar;C:\Users\bram.zerbe\Desktop\Programming\Java - Needed Stuff\JDK 1.7 x64\jdk1.7.0\fastdebug\jre\lib\sunrsasign.jar;C:\Users\bram.zerbe\Desktop\Programming\Java - Needed Stuff\JDK 1.7 x64\jdk1.7.0\fastdebug\jre\lib\jsse.jar;C:\Users\bram.zerbe\Desktop\Programming\Java - Needed Stuff\JDK 1.7 x64\jdk1.7.0\fastdebug\jre\lib\jce.jar;C:\Users\bram.zerbe\Desktop\Programming\Java - Needed Stuff\JDK 1.7 x64\jdk1.7.0\fastdebug\jre\lib\charsets.jar;C:\Users\bram.zerbe\Desktop\Programming\Java - Needed Stuff\JDK 1.7 x64\jdk1.7.0\fastdebug\jre\classes
maven.home=EMBEDDED
classworlds.conf=C:\Users\bram.zerbe\Desktop\Programming\.metadata\.plugins\org.eclipse.m2e.launching\launches\m2conf5704582694480530690.tmp
file.encoding=Cp1252
sun.java.launcher=SUN_STANDARD
</properties>
</vm_arguments>
<tty>
<writer thread='7560'/>
<dependency_failed type='leaf_type' ctxk='java/lang/IllegalArgumentException' witness='java/lang/NumberFormatException' stamp='1.901'/>
<statistics type='opto'>
--- Compiler Statistics ---
Methods seen: 4539  Methods parsed: 4539  Nodes created: 988327
Blocks parsed: 15107  Blocks seen: 15812
17382 original NULL checks - 13831 elided (79%); optimizer leaves 3433,
1930 made implicit (56%)
CCP: 488  constants found: 8
Total frameslots = 5296, Max frameslots = 56
Inserted 0 spill loads, 0 spill stores, 0 mem-mem moves and 0 copies.
Total load cost=      0, store cost =      0, mem-mem cost =  0.00, copy cost =     0.
Adjusted spill cost =       0.
Conservatively coalesced 3164 copies, 0 pairs, 17193 post alloc.
Used cisc instruction  866,  remained in register 6943
Average allocation trips 1.729084
High Pressure Blocks = 0, Low Pressure Blocks = 0
Nops added 0 bytes to total of 745890 bytes, for 0.00%
Peephole: peephole rules applied: 0
PhaseIdealLoop=2030, sum _unique=2844795
</statistics>
<statistics type='intrinsic'>
Compiler intrinsic usage:
    37 ( 7.9%) _hashCode (worked,virtual,nonvirtual)
    55 (11.7%) _getClass (worked)
    18 ( 3.8%) _clone (worked)
    40 ( 8.5%) _min (worked)
     4 ( 0.9%) _max (worked)
    11 ( 2.3%) _identityHashCode (worked)
   102 (21.7%) _arraycopy (worked)
     6 ( 1.3%) _currentThread (worked)
    15 ( 3.2%) _isAssignableFrom (worked)
    11 ( 2.3%) _isArray (worked)
     4 ( 0.9%) _isPrimitive (worked)
     6 ( 1.3%) _getSuperclass (worked)
     6 ( 1.3%) _getComponentType (worked)
     1 ( 0.2%) _getClassAccessFlags (worked)
     5 ( 1.1%) _getLength (worked)
    12 ( 2.6%) _getCallerClass (worked,failed)
     5 ( 1.1%) _newArray (worked)
    30 ( 6.4%) _copyOf (worked)
     6 ( 1.3%) _indexOf (worked)
    89 (19.0%) _equals (worked)
     2 ( 0.4%) _getObject (worked)
     2 ( 0.4%) _getObjectVolatile (worked)
     2 ( 0.4%) _compareAndSwapInt (worked)
   469 (100.0%) total (worked,failed,virtual,nonvirtual)
</statistics>
<statistics type='deoptimization'>
Deoptimization traps recorded:
    49 (100.0%) total
     null_check/make_not_entrant/checkcast: 7 (14.3%)
  class_check/maybe_recompile/invokevirtual: 25 (51.0%)
  class_check/maybe_recompile/invokeinterface: 6 (12.2%)
     class_check/maybe_recompile/checkcast: 3 (6.1%)
                  unloaded/reinterpret/new: 1 (2.0%)
           unreached/reinterpret/ifnonnull: 6 (12.2%)
              unreached/reinterpret/ifnull: 1 (2.0%)
</statistics>
<statistics type='nmethod'>
Statistics for 18 native nmethods:
 N. total size  = 19008
 N. relocation  = 1920
 N. main code   = 11808
Statistics for 488 bytecoded nmethods:
 total in heap  = 2129320
 relocation     = 67528
 main code      = 752192
 stub code      = 31444
 constants      = 2036
 scopes data    = 382696
 scopes pcs     = 630480
 dependencies   = 5384
 handler table  = 68712
 nul chk table  = 18136
 oops           = 32448
Debug Data Chunks: 121200, shared 11440+64273, non-SP&apos;s elided 247
PcDesc Statistics:  3852 queries, 15.81 comparisons per query
  caches=488 queries=3852/0, hits=0+526, tests=19733+41171, adds=3326
</statistics>
<statistics type='SharedRuntime'>
    5 monitor enter slow
  149 new instance requires GC
  309 new array requires GC
  107 inline cache miss in compiled
    3 wrong method
  112 unresolved static call site
  265 unresolved virtual call site
  513 unresolved opt virtual call site
41025 slow partial subtype
 1853 byte array copies
864014 short array copies
63425 int array copies
198270 long array copies
   11 checkcast array copies
</statistics>
<tty_done stamp='11.007'/>
</tty>
<hotspot_log_done stamp='11.007'/>
</hotspot_log>
